This file contains any messages produced by compilers while
running configure, to aid debugging if configure makes a mistake.

It was created by gphoto2 command line interface configure 2.5.20, which was
generated by GNU Autoconf 2.69.  Invocation command line was

  $ ./configure 

## --------- ##
## Platform. ##
## --------- ##

hostname = lismont-DH110
uname -m = x86_64
uname -r = 4.15.0-29-generic
uname -s = Linux
uname -v = #31-Ubuntu SMP Tue Jul 17 15:39:52 UTC 2018

/usr/bin/uname -p = unknown
/bin/uname -X     = unknown

/bin/arch              = unknown
/usr/bin/arch -k       = unknown
/usr/convex/getsysinfo = unknown
/usr/bin/hostinfo      = unknown
/bin/machine           = unknown
/usr/bin/oslevel       = unknown
/bin/universe          = unknown

PATH: /usr/local/sbin
PATH: /usr/local/bin
PATH: /usr/sbin
PATH: /usr/bin
PATH: /sbin
PATH: /bin
PATH: /usr/games
PATH: /usr/local/games
PATH: /snap/bin


## ----------- ##
## Core tests. ##
## ----------- ##

configure:2427: checking for a BSD-compatible install
configure:2495: result: /usr/bin/install -c
configure:2506: checking whether build environment is sane
configure:2561: result: yes
configure:2712: checking for a thread-safe mkdir -p
configure:2751: result: /bin/mkdir -p
configure:2758: checking for gawk
configure:2788: result: no
configure:2758: checking for mawk
configure:2774: found /usr/bin/mawk
configure:2785: result: mawk
configure:2796: checking whether make sets $(MAKE)
configure:2818: result: yes
configure:2847: checking whether make supports nested variables
configure:2864: result: yes
configure:3011: checking for POSIX sh $() command substitution
configure:3015: result: yes
configure:3118: checking for gcc
configure:3148: result: no
configure:3211: checking for cc
configure:3258: result: no
configure:3314: checking for cl.exe
configure:3344: result: no
configure:3368: error: in `/home/lismont/Mac/gphoto/gphoto2-2.5.20':
configure:3370: error: no acceptable C compiler found in $PATH
See `config.log' for more details

## ---------------- ##
## Cache variables. ##
## ---------------- ##

ac_cv_env_CC_set=
ac_cv_env_CC_value=
ac_cv_env_CFLAGS_set=
ac_cv_env_CFLAGS_value=
ac_cv_env_CPPFLAGS_set=
ac_cv_env_CPPFLAGS_value=
ac_cv_env_CPP_set=
ac_cv_env_CPP_value=
ac_cv_env_LDFLAGS_set=
ac_cv_env_LDFLAGS_value=
ac_cv_env_LIBEXIF_CFLAGS_set=
ac_cv_env_LIBEXIF_CFLAGS_value=
ac_cv_env_LIBEXIF_LIBS_set=
ac_cv_env_LIBEXIF_LIBS_value=
ac_cv_env_LIBGPHOTO2_CFLAGS_set=
ac_cv_env_LIBGPHOTO2_CFLAGS_value=
ac_cv_env_LIBGPHOTO2_LIBS_set=
ac_cv_env_LIBGPHOTO2_LIBS_value=
ac_cv_env_LIBS_set=
ac_cv_env_LIBS_value=
ac_cv_env_LT_SYS_LIBRARY_PATH_set=
ac_cv_env_LT_SYS_LIBRARY_PATH_value=
ac_cv_env_PKG_CONFIG_LIBDIR_set=
ac_cv_env_PKG_CONFIG_LIBDIR_value=
ac_cv_env_PKG_CONFIG_PATH_set=
ac_cv_env_PKG_CONFIG_PATH_value=
ac_cv_env_PKG_CONFIG_set=
ac_cv_env_PKG_CONFIG_value=
ac_cv_env_POPT_CFLAGS_set=
ac_cv_env_POPT_CFLAGS_value=
ac_cv_env_POPT_LIBS_set=
ac_cv_env_POPT_LIBS_value=
ac_cv_env_build_alias_set=
ac_cv_env_build_alias_value=
ac_cv_env_host_alias_set=
ac_cv_env_host_alias_value=
ac_cv_env_target_alias_set=
ac_cv_env_target_alias_value=
ac_cv_path_install='/usr/bin/install -c'
ac_cv_path_mkdir=/bin/mkdir
ac_cv_prog_AWK=mawk
ac_cv_prog_make_make_set=yes
am_cv_make_support_nested_variables=yes

## ----------------- ##
## Output variables. ##
## ----------------- ##

AALIB_CONFIG=''
AA_CFLAGS=''
AA_LIBS=''
ACLOCAL='${SHELL} /home/lismont/Mac/gphoto/gphoto2-2.5.20/auto-aux/missing aclocal-1.16'
AMDEPBACKSLASH=''
AMDEP_FALSE=''
AMDEP_TRUE=''
AMTAR='$${TAR-tar}'
AM_BACKSLASH='\'
AM_CPPFLAGS=''
AM_DEFAULT_V='$(AM_DEFAULT_VERBOSITY)'
AM_DEFAULT_VERBOSITY='1'
AM_LDFLAGS=''
AM_V='$(V)'
AR=''
AUTOCONF='${SHELL} /home/lismont/Mac/gphoto/gphoto2-2.5.20/auto-aux/missing autoconf'
AUTOHEADER='${SHELL} /home/lismont/Mac/gphoto/gphoto2-2.5.20/auto-aux/missing autoheader'
AUTOMAKE='${SHELL} /home/lismont/Mac/gphoto/gphoto2-2.5.20/auto-aux/missing automake-1.16'
AWK='mawk'
CC=''
CCDEPMODE=''
CDK_CFLAGS=''
CDK_CONFIG=''
CDK_LIBS=''
CFLAGS=''
CPP=''
CPPFLAGS=''
CYGPATH_W='echo'
DEFS=''
DEPDIR=''
DLLTOOL=''
DSYMUTIL=''
DUMPBIN=''
ECHO_C=''
ECHO_N='-n'
ECHO_T=''
EGREP=''
EXEEXT=''
FGREP=''
GETTEXT_PACKAGE=''
GMSGFMT=''
GREP=''
HAVE_AA_FALSE=''
HAVE_AA_TRUE=''
HAVE_CDK_FALSE=''
HAVE_CDK_TRUE=''
HAVE_JPEG_FALSE=''
HAVE_JPEG_TRUE=''
HAVE_LIBEXIF_FALSE=''
HAVE_LIBEXIF_TRUE=''
HAVE_LIBGPHOTO2_FALSE=''
HAVE_LIBGPHOTO2_TRUE=''
HAVE_POPT_FALSE=''
HAVE_POPT_TRUE=''
HAVE_RL_FALSE=''
HAVE_RL_TRUE=''
INSTALL_DATA='${INSTALL} -m 644'
INSTALL_PROGRAM='${INSTALL}'
INSTALL_SCRIPT='${INSTALL}'
INSTALL_STRIP_PROGRAM='$(install_sh) -c -s'
INTLLIBS=''
JPEG_CFLAGS=''
JPEG_LIBS=''
LD=''
LDFLAGS=''
LIBEXIF_CFLAGS=''
LIBEXIF_CONFIG_PROG=''
LIBEXIF_LIBS=''
LIBGPHOTO2_CFLAGS=''
LIBGPHOTO2_CONFIG_PROG=''
LIBGPHOTO2_LIBS=''
LIBICONV=''
LIBINTL=''
LIBOBJS=''
LIBS=''
LIBTOOL=''
LIPO=''
LN_S=''
LTLIBICONV=''
LTLIBINTL=''
LTLIBOBJS=''
LT_SYS_LIBRARY_PATH=''
MAIL_GPHOTO_DEVEL=''
MAIL_GPHOTO_TRANSLATION=''
MAIL_GPHOTO_USER=''
MAKEINFO='${SHELL} /home/lismont/Mac/gphoto/gphoto2-2.5.20/auto-aux/missing makeinfo'
MANIFEST_TOOL=''
MKDIR_P='/bin/mkdir -p'
MKINSTALLDIRS=''
MSGFMT=''
MSGMERGE=''
NM=''
NMEDIT=''
OBJDUMP=''
OBJEXT=''
OTOOL64=''
OTOOL=''
PACKAGE='gphoto2'
PACKAGE_BUGREPORT='gphoto-devel@lists.sourceforge.net'
PACKAGE_NAME='gphoto2 command line interface'
PACKAGE_STRING='gphoto2 command line interface 2.5.20'
PACKAGE_TARNAME='gphoto2'
PACKAGE_URL=''
PACKAGE_VERSION='2.5.20'
PATH_SEPARATOR=':'
PKG_CONFIG=''
PKG_CONFIG_LIBDIR=''
PKG_CONFIG_PATH=''
POPT_CFLAGS=''
POPT_LIBS=''
POSUB=''
PTHREAD_LIBS=''
RANLIB=''
REQUIREMENTS_FOR_LIBEXIF=''
REQUIREMENTS_FOR_LIBGPHOTO2=''
RL_CFLAGS=''
RL_LIBS=''
SED=''
SET_MAKE=''
SHELL='/bin/bash'
STRIP=''
URL_DIGICAM_LIST=''
URL_GPHOTO_HOME=''
URL_GPHOTO_PROJECT=''
URL_JPHOTO_HOME=''
URL_USB_MASSSTORAGE=''
USE_NLS=''
VERSION='2.5.20'
XGETTEXT=''
ac_ct_AR=''
ac_ct_CC=''
ac_ct_DUMPBIN=''
am__EXEEXT_FALSE=''
am__EXEEXT_TRUE=''
am__fastdepCC_FALSE=''
am__fastdepCC_TRUE=''
am__include=''
am__isrc=''
am__leading_dot='.'
am__nodep=''
am__quote=''
am__tar='$${TAR-tar} chof - "$$tardir"'
am__untar='$${TAR-tar} xf -'
bindir='${exec_prefix}/bin'
build=''
build_alias=''
build_cpu=''
build_os=''
build_vendor=''
datadir='${datarootdir}'
datarootdir='${prefix}/share'
docdir='${datarootdir}/doc/${PACKAGE_TARNAME}'
dvidir='${docdir}'
exec_prefix='NONE'
host=''
host_alias=''
host_cpu=''
host_os=''
host_vendor=''
htmldir='${docdir}'
includedir='${prefix}/include'
infodir='${datarootdir}/info'
install_sh='${SHELL} /home/lismont/Mac/gphoto/gphoto2-2.5.20/auto-aux/install-sh'
libdir='${exec_prefix}/lib'
libexecdir='${exec_prefix}/libexec'
localedir='${datarootdir}/locale'
localstatedir='${prefix}/var'
mandir='${datarootdir}/man'
mkdir_p='$(MKDIR_P)'
oldincludedir='/usr/include'
pdfdir='${docdir}'
prefix='NONE'
program_transform_name='s,x,x,'
psdir='${docdir}'
sbindir='${exec_prefix}/sbin'
sharedstatedir='${prefix}/com'
sysconfdir='${prefix}/etc'
target_alias=''

## ----------- ##
## confdefs.h. ##
## ----------- ##

/* confdefs.h */
#define PACKAGE_NAME "gphoto2 command line interface"
#define PACKAGE_TARNAME "gphoto2"
#define PACKAGE_VERSION "2.5.20"
#define PACKAGE_STRING "gphoto2 command line interface 2.5.20"
#define PACKAGE_BUGREPORT "gphoto-devel@lists.sourceforge.net"
#define PACKAGE_URL ""
#define PACKAGE "gphoto2"
#define VERSION "2.5.20"

configure: exit 1
